<?xml version="1.0" encoding="UTF-8"?>
<!-- Generated by org.testng.reporters.JUnitXMLReporter -->
<testsuite hostname="DESKTOP-2OF042S" ignored="0" name="Test" tests="2" failures="1" timestamp="08 Feb 2022 01:40:52 GMT" time="4.328" errors="0">
  <testcase name="LoginTest" time="3.225" classname="com.jbk.tests.LoginTest"/>
  <testcase name="failTest" time="0.017" classname="com.jbk.tests.LoginTest">
    <failure type="java.lang.AssertionError" message="expected [JavaByKiran | Log in] but found [JavaByKiran | Dashboard]">
      <![CDATA[java.lang.AssertionError: expected [JavaByKiran | Log in] but found [JavaByKiran | Dashboard]
at com.jbk.tests.LoginTest.failTest(LoginTest.java:41)
... Removed 31 stack frames]]>
    </failure>
  </testcase> <!-- failTest -->
</testsuite> <!-- Test -->
